2018-06-19 11:31:58 INFO  WaitHelper:64 - element found...
2018-06-19 11:31:58 INFO  LoginPage:41 - entering user name ....sridam
2018-06-19 11:31:59 INFO  LoginPage:46 - entering password....sridam
2018-06-19 11:31:59 INFO  LoginPage:51 - clicking on submit button...
2018-06-19 11:32:15 INFO  WaitHelper:64 - element found...REPORTS
2018-06-19 11:32:15 INFO  HomePage:76 - cheking Reports tile present or not
2018-06-19 11:32:15 INFO  VerificationHelper:21 - REPORTS is dispalyed
2018-06-19 11:32:15 INFO  Excel_reader:19 - Creating excel object:-C:\Abhinandan\05-Teamcenter\automation\abhi/src/main/java/com/abhi/data/TcRAReportList.xlsx
2018-06-19 11:32:15 INFO  WaitHelper:64 - element found...REPORTS
2018-06-19 11:32:15 INFO  LoginPage:29 - clicking on report tile...
2018-06-19 11:32:36 INFO  WaitHelper:64 - element found...CTR Based Document Status
2018-06-19 11:32:36 INFO  SummaryReportPage:43 - clickin on report : Comment Status
2018-06-19 11:32:36 INFO  WaitHelper:64 - element found...
2018-06-19 11:32:36 INFO  WaitHelper:64 - element found...
2018-06-19 11:32:36 INFO  LoginPage:49 - clicking on generate report button...
2018-06-19 11:32:39 INFO  LoginPage:49 - clicking on generate report button...
2018-06-19 11:32:39 INFO  LoginPage:49 - clicking on generate report button...
2018-06-19 11:32:41 INFO  WaitHelper:64 - element found...Generate Now
2018-06-19 11:32:41 INFO  WaitHelper:64 - element found...
2018-06-19 11:32:41 INFO  VerificationHelper:34 -  is dispalyed
2018-06-19 11:32:41 INFO  GenericHelper:57 - element is displayed..[[[[[[ChromeDriver: chrome on XP (f75888c7796e9493204e66512b065884)] -> xpath: //form[@panel-id='filterPanel']/form[@name='awPanelBody']/ul/li]] -> xpath: .//aw-widget[ not(contains(@class,'hidden')) and not(@prop='prop')]]] -> css selector: input[type='text']]
2018-06-19 11:32:41 INFO  WaitHelper:64 - element found...
2018-06-19 11:32:41 INFO  VerificationHelper:34 -  is dispalyed
2018-06-19 11:32:41 INFO  GenericHelper:57 - element is displayed..[[[[[[ChromeDriver: chrome on XP (f75888c7796e9493204e66512b065884)] -> xpath: //form[@panel-id='filterPanel']/form[@name='awPanelBody']/ul/li]] -> xpath: .//aw-widget[ not(contains(@class,'hidden')) and not(@prop='prop')]]] -> css selector: input[type='text']]
2018-06-19 11:32:41 INFO  WaitHelper:64 - element found...
2018-06-19 11:32:41 INFO  VerificationHelper:34 -  is dispalyed
2018-06-19 11:32:41 INFO  GenericHelper:57 - element is displayed..[[[[[[ChromeDriver: chrome on XP (f75888c7796e9493204e66512b065884)] -> xpath: //form[@panel-id='filterPanel']/form[@name='awPanelBody']/ul/li]] -> xpath: .//aw-widget[ not(contains(@class,'hidden')) and not(@prop='prop')]]] -> css selector: input[type='text']]
2018-06-19 11:32:42 INFO  WaitHelper:64 - element found...
2018-06-19 11:32:42 INFO  VerificationHelper:34 -  is dispalyed
2018-06-19 11:32:42 INFO  GenericHelper:57 - element is displayed..[[[[[[ChromeDriver: chrome on XP (f75888c7796e9493204e66512b065884)] -> xpath: //form[@panel-id='filterPanel']/form[@name='awPanelBody']/ul/li]] -> xpath: .//tcra-listbox[ not(contains(@class,'hidden')) and contains(@id,'val')]]] -> css selector: input[type='text']]
2018-06-19 11:32:42 INFO  WaitHelper:64 - element found...
2018-06-19 11:32:42 INFO  VerificationHelper:34 -  is dispalyed
2018-06-19 11:32:42 INFO  GenericHelper:57 - element is displayed..[[[[[[ChromeDriver: chrome on XP (f75888c7796e9493204e66512b065884)] -> xpath: //form[@panel-id='filterPanel']/form[@name='awPanelBody']/ul/li]] -> xpath: .//aw-widget[ not(contains(@class,'hidden')) and not(@prop='prop')]]] -> css selector: input[type='text']]
2018-06-19 11:32:42 INFO  WaitHelper:64 - element found...
2018-06-19 11:32:42 INFO  VerificationHelper:34 -  is dispalyed
2018-06-19 11:32:42 INFO  GenericHelper:57 - element is displayed..[[[[[[ChromeDriver: chrome on XP (f75888c7796e9493204e66512b065884)] -> xpath: //form[@panel-id='filterPanel']/form[@name='awPanelBody']/ul/li]] -> xpath: .//tcra-listbox[ not(contains(@class,'hidden')) and contains(@id,'val')]]] -> css selector: input[type='text']]
2018-06-19 11:32:42 INFO  WaitHelper:64 - element found...
2018-06-19 11:32:42 INFO  VerificationHelper:34 -  is dispalyed
2018-06-19 11:32:42 INFO  GenericHelper:57 - element is displayed..[[[[[[ChromeDriver: chrome on XP (f75888c7796e9493204e66512b065884)] -> xpath: //form[@panel-id='filterPanel']/form[@name='awPanelBody']/ul/li]] -> xpath: .//aw-widget[ not(contains(@class,'hidden')) and not(@prop='prop')]]] -> css selector: input[type='text']]
2018-06-19 11:32:43 INFO  ReportFilterPage:68 - clicking on geneate now button...
2018-06-19 11:32:44 INFO  WaitHelper:64 - element found...
2018-06-19 11:32:44 INFO  LoginPage:59 - rendering report....
2018-06-19 11:32:44 INFO  LoginPage:37 - rendering report ....
2018-06-19 11:33:02 INFO  WaitHelper:64 - element found...Row : 1 out of 3
2018-06-19 11:33:02 INFO  LoginPage:44 - checking row count ....
2018-06-19 11:33:02 INFO  LoginPage:48 - checking row counttotalRowCount .... 3
2018-06-19 11:33:02 INFO  LoginPage:70 - rendering report ....
2018-06-19 11:33:02 INFO  WaitHelper:64 - element found...
2018-06-19 11:33:02 INFO  GlobalHomeIcon:30 - clicking on globel Home button...
2018-06-19 11:33:03 INFO  WaitHelper:64 - element found...REPORTS
2018-06-19 11:33:03 INFO  LoginPage:29 - clicking on report tile...
2018-06-19 11:33:04 INFO  WaitHelper:64 - element found...CTR Based Document Status
2018-06-19 11:33:04 INFO  SummaryReportPage:43 - clickin on report : Document Status
2018-06-19 11:33:04 INFO  WaitHelper:64 - element found...
2018-06-19 11:33:04 INFO  WaitHelper:64 - element found...
2018-06-19 11:33:04 INFO  LoginPage:49 - clicking on generate report button...
2018-06-19 11:33:06 INFO  WaitHelper:64 - element found...Generate Now
2018-06-19 11:33:06 INFO  WaitHelper:64 - element found...Generate Now
2018-06-19 11:33:06 INFO  WaitHelper:64 - element found...
2018-06-19 11:33:06 INFO  VerificationHelper:34 -  is dispalyed
2018-06-19 11:33:06 INFO  GenericHelper:57 - element is displayed..[[[[[[ChromeDriver: chrome on XP (f75888c7796e9493204e66512b065884)] -> xpath: //form[@panel-id='filterPanel']/form[@name='awPanelBody']/ul/li]] -> xpath: .//aw-widget[ not(contains(@class,'hidden')) and not(@prop='prop')]]] -> css selector: input[type='text']]
2018-06-19 11:33:06 INFO  WaitHelper:64 - element found...
2018-06-19 11:33:06 INFO  VerificationHelper:34 -  is dispalyed
2018-06-19 11:33:06 INFO  GenericHelper:57 - element is displayed..[[[[[[ChromeDriver: chrome on XP (f75888c7796e9493204e66512b065884)] -> xpath: //form[@panel-id='filterPanel']/form[@name='awPanelBody']/ul/li]] -> xpath: .//aw-widget[ not(contains(@class,'hidden')) and not(@prop='prop')]]] -> css selector: input[type='text']]
2018-06-19 11:33:06 INFO  WaitHelper:64 - element found...
2018-06-19 11:33:06 INFO  VerificationHelper:34 -  is dispalyed
2018-06-19 11:33:06 INFO  GenericHelper:57 - element is displayed..[[[[[[ChromeDriver: chrome on XP (f75888c7796e9493204e66512b065884)] -> xpath: //form[@panel-id='filterPanel']/form[@name='awPanelBody']/ul/li]] -> xpath: .//aw-widget[ not(contains(@class,'hidden')) and not(@prop='prop')]]] -> css selector: input[type='text']]
2018-06-19 11:33:06 INFO  WaitHelper:64 - element found...
2018-06-19 11:33:06 INFO  VerificationHelper:34 -  is dispalyed
2018-06-19 11:33:06 INFO  GenericHelper:57 - element is displayed..[[[[[[ChromeDriver: chrome on XP (f75888c7796e9493204e66512b065884)] -> xpath: //form[@panel-id='filterPanel']/form[@name='awPanelBody']/ul/li]] -> xpath: .//tcra-listbox[ not(contains(@class,'hidden')) and contains(@id,'val')]]] -> css selector: input[type='text']]
2018-06-19 11:33:07 INFO  WaitHelper:64 - element found...
2018-06-19 11:33:07 INFO  VerificationHelper:34 -  is dispalyed
2018-06-19 11:33:07 INFO  GenericHelper:57 - element is displayed..[[[[[[ChromeDriver: chrome on XP (f75888c7796e9493204e66512b065884)] -> xpath: //form[@panel-id='filterPanel']/form[@name='awPanelBody']/ul/li]] -> xpath: .//aw-widget[ not(contains(@class,'hidden')) and not(@prop='prop')]]] -> css selector: input[type='text']]
2018-06-19 11:33:07 INFO  WaitHelper:64 - element found...
2018-06-19 11:33:07 INFO  VerificationHelper:34 -  is dispalyed
2018-06-19 11:33:07 INFO  GenericHelper:57 - element is displayed..[[[[[[ChromeDriver: chrome on XP (f75888c7796e9493204e66512b065884)] -> xpath: //form[@panel-id='filterPanel']/form[@name='awPanelBody']/ul/li]] -> xpath: .//tcra-listbox[ not(contains(@class,'hidden')) and contains(@id,'val')]]] -> css selector: input[type='text']]
2018-06-19 11:33:07 INFO  ReportFilterPage:68 - clicking on geneate now button...
2018-06-19 11:33:08 INFO  WaitHelper:64 - element found...
2018-06-19 11:33:08 INFO  LoginPage:59 - rendering report....
2018-06-19 11:33:08 INFO  LoginPage:37 - rendering report ....
2018-06-19 11:33:18 INFO  WaitHelper:64 - element found...Row : 1 out of 2
2018-06-19 11:33:18 INFO  LoginPage:44 - checking row count ....
2018-06-19 11:33:18 INFO  LoginPage:48 - checking row counttotalRowCount .... 2
2018-06-19 11:33:18 INFO  LoginPage:70 - rendering report ....
2018-06-19 11:33:19 INFO  WaitHelper:64 - element found...
2018-06-19 11:33:19 INFO  GlobalHomeIcon:30 - clicking on globel Home button...
2018-06-19 11:33:19 INFO  WaitHelper:64 - element found...REPORTS
2018-06-19 11:33:19 INFO  LoginPage:29 - clicking on report tile...
2018-06-19 11:33:21 INFO  WaitHelper:64 - element found...CTR Based Document Status
2018-06-19 11:33:21 INFO  SummaryReportPage:43 - clickin on report : Project Finance Structure Overview
2018-06-19 11:33:21 INFO  WaitHelper:64 - element found...
2018-06-19 11:33:21 INFO  WaitHelper:64 - element found...
2018-06-19 11:33:21 INFO  LoginPage:49 - clicking on generate report button...
2018-06-19 11:33:23 INFO  WaitHelper:64 - element found...Generate Now
2018-06-19 11:33:23 INFO  WaitHelper:64 - element found...Generate Now
2018-06-19 11:33:23 INFO  WaitHelper:64 - element found...
2018-06-19 11:33:23 INFO  VerificationHelper:34 -  is dispalyed
2018-06-19 11:33:23 INFO  GenericHelper:57 - element is displayed..[[[[[[ChromeDriver: chrome on XP (f75888c7796e9493204e66512b065884)] -> xpath: //form[@panel-id='filterPanel']/form[@name='awPanelBody']/ul/li]] -> xpath: .//aw-widget[ not(contains(@class,'hidden')) and not(@prop='prop')]]] -> css selector: input[type='text']]
2018-06-19 11:33:24 INFO  WaitHelper:64 - element found...
2018-06-19 11:33:24 INFO  VerificationHelper:34 -  is dispalyed
2018-06-19 11:33:24 INFO  GenericHelper:57 - element is displayed..[[[[[[ChromeDriver: chrome on XP (f75888c7796e9493204e66512b065884)] -> xpath: //form[@panel-id='filterPanel']/form[@name='awPanelBody']/ul/li]] -> xpath: .//aw-widget[ not(contains(@class,'hidden')) and not(@prop='prop')]]] -> css selector: input[type='text']]
2018-06-19 11:33:24 INFO  WaitHelper:64 - element found...
2018-06-19 11:33:24 INFO  VerificationHelper:34 -  is dispalyed
2018-06-19 11:33:24 INFO  GenericHelper:57 - element is displayed..[[[[[[ChromeDriver: chrome on XP (f75888c7796e9493204e66512b065884)] -> xpath: //form[@panel-id='filterPanel']/form[@name='awPanelBody']/ul/li]] -> xpath: .//aw-widget[ not(contains(@class,'hidden')) and not(@prop='prop')]]] -> css selector: input[type='text']]
2018-06-19 11:33:24 INFO  WaitHelper:64 - element found...
2018-06-19 11:33:24 INFO  VerificationHelper:34 -  is dispalyed
2018-06-19 11:33:24 INFO  GenericHelper:57 - element is displayed..[[[[[[ChromeDriver: chrome on XP (f75888c7796e9493204e66512b065884)] -> xpath: //form[@panel-id='filterPanel']/form[@name='awPanelBody']/ul/li]] -> xpath: .//tcra-listbox[ not(contains(@class,'hidden')) and contains(@id,'val')]]] -> css selector: input[type='text']]
2018-06-19 11:33:24 INFO  WaitHelper:64 - element found...
2018-06-19 11:33:24 INFO  VerificationHelper:34 -  is dispalyed
2018-06-19 11:33:24 INFO  GenericHelper:57 - element is displayed..[[[[[[ChromeDriver: chrome on XP (f75888c7796e9493204e66512b065884)] -> xpath: //form[@panel-id='filterPanel']/form[@name='awPanelBody']/ul/li]] -> xpath: .//tcra-listbox[ not(contains(@class,'hidden')) and contains(@id,'val')]]] -> css selector: input[type='text']]
2018-06-19 11:33:24 INFO  WaitHelper:64 - element found...
2018-06-19 11:33:24 INFO  VerificationHelper:34 -  is dispalyed
2018-06-19 11:33:24 INFO  GenericHelper:57 - element is displayed..[[[[[[ChromeDriver: chrome on XP (f75888c7796e9493204e66512b065884)] -> xpath: //form[@panel-id='filterPanel']/form[@name='awPanelBody']/ul/li]] -> xpath: .//aw-widget[ not(contains(@class,'hidden')) and not(@prop='prop')]]] -> css selector: input[type='text']]
2018-06-19 11:33:24 INFO  WaitHelper:64 - element found...
2018-06-19 11:33:24 INFO  VerificationHelper:34 -  is dispalyed
2018-06-19 11:33:24 INFO  GenericHelper:57 - element is displayed..[[[[[[ChromeDriver: chrome on XP (f75888c7796e9493204e66512b065884)] -> xpath: //form[@panel-id='filterPanel']/form[@name='awPanelBody']/ul/li]] -> xpath: .//aw-widget[ not(contains(@class,'hidden')) and not(@prop='prop')]]] -> css selector: input[type='text']]
2018-06-19 11:33:24 INFO  WaitHelper:64 - element found...
2018-06-19 11:33:25 INFO  VerificationHelper:34 -  is dispalyed
2018-06-19 11:33:25 INFO  GenericHelper:57 - element is displayed..[[[[[[ChromeDriver: chrome on XP (f75888c7796e9493204e66512b065884)] -> xpath: //form[@panel-id='filterPanel']/form[@name='awPanelBody']/ul/li]] -> xpath: .//aw-widget[ not(contains(@class,'hidden')) and not(@prop='prop')]]] -> css selector: input[type='text']]
2018-06-19 11:33:25 INFO  WaitHelper:64 - element found...
2018-06-19 11:33:25 INFO  VerificationHelper:34 -  is dispalyed
2018-06-19 11:33:25 INFO  GenericHelper:57 - element is displayed..[[[[[[ChromeDriver: chrome on XP (f75888c7796e9493204e66512b065884)] -> xpath: //form[@panel-id='filterPanel']/form[@name='awPanelBody']/ul/li]] -> xpath: .//aw-widget[ not(contains(@class,'hidden')) and not(@prop='prop')]]] -> css selector: input[type='text']]
2018-06-19 11:33:25 INFO  WaitHelper:64 - element found...
2018-06-19 11:33:25 INFO  VerificationHelper:34 -  is dispalyed
2018-06-19 11:33:25 INFO  GenericHelper:57 - element is displayed..[[[[[[ChromeDriver: chrome on XP (f75888c7796e9493204e66512b065884)] -> xpath: //form[@panel-id='filterPanel']/form[@name='awPanelBody']/ul/li]] -> xpath: .//aw-widget[ not(contains(@class,'hidden')) and not(@prop='prop')]]] -> css selector: input[type='text']]
2018-06-19 11:33:25 INFO  WaitHelper:64 - element found...
2018-06-19 11:33:25 INFO  VerificationHelper:34 -  is dispalyed
2018-06-19 11:33:25 INFO  GenericHelper:57 - element is displayed..[[[[[[ChromeDriver: chrome on XP (f75888c7796e9493204e66512b065884)] -> xpath: //form[@panel-id='filterPanel']/form[@name='awPanelBody']/ul/li]] -> xpath: .//aw-widget[ not(contains(@class,'hidden')) and not(@prop='prop')]]] -> css selector: input[type='text']]
2018-06-19 11:33:25 INFO  WaitHelper:64 - element found...
2018-06-19 11:33:25 INFO  VerificationHelper:34 -  is dispalyed
2018-06-19 11:33:25 INFO  GenericHelper:57 - element is displayed..[[[[[[ChromeDriver: chrome on XP (f75888c7796e9493204e66512b065884)] -> xpath: //form[@panel-id='filterPanel']/form[@name='awPanelBody']/ul/li]] -> xpath: .//aw-widget[ not(contains(@class,'hidden')) and not(@prop='prop')]]] -> css selector: input[type='text']]
2018-06-19 11:33:27 INFO  ReportFilterPage:68 - clicking on geneate now button...
2018-06-19 11:33:28 INFO  WaitHelper:64 - element found...
2018-06-19 11:33:28 INFO  LoginPage:59 - rendering report....
2018-06-19 11:33:28 INFO  LoginPage:37 - rendering report ....
2018-06-19 11:33:40 INFO  WaitHelper:64 - element found...Row : 1 out of 30
2018-06-19 11:33:40 INFO  LoginPage:44 - checking row count ....
2018-06-19 11:33:40 INFO  LoginPage:48 - checking row counttotalRowCount .... 30
2018-06-19 11:33:40 INFO  LoginPage:70 - rendering report ....
2018-06-19 11:33:40 INFO  WaitHelper:64 - element found...
2018-06-19 11:33:40 INFO  GlobalHomeIcon:30 - clicking on globel Home button...
2018-06-19 11:33:41 INFO  WaitHelper:64 - element found...REPORTS
2018-06-19 11:33:41 INFO  LoginPage:29 - clicking on report tile...
2018-06-19 11:33:43 INFO  WaitHelper:64 - element found...CTR Based Document Status
2018-06-19 11:33:43 INFO  SummaryReportPage:43 - clickin on report : Portfolio Status Tracker
2018-06-19 11:33:43 INFO  WaitHelper:64 - element found...
2018-06-19 11:33:43 INFO  WaitHelper:64 - element found...
2018-06-19 11:33:43 INFO  LoginPage:49 - clicking on generate report button...
2018-06-19 11:33:45 INFO  WaitHelper:64 - element found...Generate Now
2018-06-19 11:33:45 INFO  WaitHelper:64 - element found...Generate Now
2018-06-19 11:33:45 INFO  WaitHelper:64 - element found...
2018-06-19 11:33:45 INFO  VerificationHelper:34 -  is dispalyed
2018-06-19 11:33:45 INFO  GenericHelper:57 - element is displayed..[[[[[[ChromeDriver: chrome on XP (f75888c7796e9493204e66512b065884)] -> xpath: //form[@panel-id='filterPanel']/form[@name='awPanelBody']/ul/li]] -> xpath: .//tcra-listbox[ not(contains(@class,'hidden')) and contains(@id,'val')]]] -> css selector: input[type='text']]
2018-06-19 11:33:45 INFO  WaitHelper:64 - element found...
2018-06-19 11:33:46 INFO  VerificationHelper:34 -  is dispalyed
2018-06-19 11:33:46 INFO  GenericHelper:57 - element is displayed..[[[[[[ChromeDriver: chrome on XP (f75888c7796e9493204e66512b065884)] -> xpath: //form[@panel-id='filterPanel']/form[@name='awPanelBody']/ul/li]] -> xpath: .//aw-widget[ not(contains(@class,'hidden')) and not(@prop='prop')]]] -> css selector: input[type='text']]
2018-06-19 11:33:46 INFO  WaitHelper:64 - element found...
2018-06-19 11:33:46 INFO  VerificationHelper:34 -  is dispalyed
2018-06-19 11:33:46 INFO  GenericHelper:57 - element is displayed..[[[[[[ChromeDriver: chrome on XP (f75888c7796e9493204e66512b065884)] -> xpath: //form[@panel-id='filterPanel']/form[@name='awPanelBody']/ul/li]] -> xpath: .//aw-widget[ not(contains(@class,'hidden')) and not(@prop='prop')]]] -> css selector: input[type='text']]
2018-06-19 11:33:46 INFO  WaitHelper:64 - element found...
2018-06-19 11:33:46 INFO  VerificationHelper:34 -  is dispalyed
2018-06-19 11:33:46 INFO  GenericHelper:57 - element is displayed..[[[[[[ChromeDriver: chrome on XP (f75888c7796e9493204e66512b065884)] -> xpath: //form[@panel-id='filterPanel']/form[@name='awPanelBody']/ul/li]] -> xpath: .//aw-widget[ not(contains(@class,'hidden')) and not(@prop='prop')]]] -> css selector: input[type='text']]
2018-06-19 11:33:46 INFO  WaitHelper:64 - element found...
2018-06-19 11:33:46 INFO  VerificationHelper:34 -  is dispalyed
2018-06-19 11:33:46 INFO  GenericHelper:57 - element is displayed..[[[[[[ChromeDriver: chrome on XP (f75888c7796e9493204e66512b065884)] -> xpath: //form[@panel-id='filterPanel']/form[@name='awPanelBody']/ul/li]] -> xpath: .//aw-widget[ not(contains(@class,'hidden')) and not(@prop='prop')]]] -> css selector: input[type='text']]
2018-06-19 11:33:46 INFO  WaitHelper:64 - element found...
2018-06-19 11:33:46 INFO  VerificationHelper:34 -  is dispalyed
2018-06-19 11:33:46 INFO  GenericHelper:57 - element is displayed..[[[[[[ChromeDriver: chrome on XP (f75888c7796e9493204e66512b065884)] -> xpath: //form[@panel-id='filterPanel']/form[@name='awPanelBody']/ul/li]] -> xpath: .//tcra-listbox[ not(contains(@class,'hidden')) and contains(@id,'val')]]] -> css selector: input[type='text']]
2018-06-19 11:33:46 INFO  WaitHelper:64 - element found...
2018-06-19 11:33:46 INFO  VerificationHelper:34 -  is dispalyed
2018-06-19 11:33:46 INFO  GenericHelper:57 - element is displayed..[[[[[[ChromeDriver: chrome on XP (f75888c7796e9493204e66512b065884)] -> xpath: //form[@panel-id='filterPanel']/form[@name='awPanelBody']/ul/li]] -> xpath: .//aw-widget[ not(contains(@class,'hidden')) and not(@prop='prop')]]] -> css selector: input[type='text']]
2018-06-19 11:33:46 INFO  WaitHelper:64 - element found...
2018-06-19 11:33:46 INFO  VerificationHelper:34 -  is dispalyed
2018-06-19 11:33:46 INFO  GenericHelper:57 - element is displayed..[[[[[[ChromeDriver: chrome on XP (f75888c7796e9493204e66512b065884)] -> xpath: //form[@panel-id='filterPanel']/form[@name='awPanelBody']/ul/li]] -> xpath: .//aw-widget[ not(contains(@class,'hidden')) and not(@prop='prop')]]] -> css selector: input[type='text']]
2018-06-19 11:33:47 INFO  ReportFilterPage:68 - clicking on geneate now button...
2018-06-19 11:33:48 INFO  WaitHelper:64 - element found...
2018-06-19 11:33:48 INFO  LoginPage:59 - rendering report....
2018-06-19 11:33:48 INFO  LoginPage:37 - rendering report ....
2018-06-19 11:33:57 INFO  WaitHelper:64 - element found...Row : 1 out of 30
2018-06-19 11:33:57 INFO  LoginPage:44 - checking row count ....
2018-06-19 11:33:57 INFO  LoginPage:48 - checking row counttotalRowCount .... 30
2018-06-19 11:33:57 INFO  LoginPage:70 - rendering report ....
2018-06-19 11:33:58 INFO  WaitHelper:64 - element found...
2018-06-19 11:33:58 INFO  GlobalHomeIcon:30 - clicking on globel Home button...
2018-06-19 11:33:58 INFO  WaitHelper:64 - element found...REPORTS
2018-06-19 11:33:58 INFO  LoginPage:29 - clicking on report tile...
2018-06-19 11:34:00 INFO  WaitHelper:64 - element found...CTR Based Document Status
2018-06-19 11:34:00 INFO  SummaryReportPage:43 - clickin on report : Project Tracker
2018-06-19 11:34:00 INFO  WaitHelper:64 - element found...
2018-06-19 11:34:00 INFO  WaitHelper:64 - element found...
2018-06-19 11:34:00 INFO  LoginPage:49 - clicking on generate report button...
2018-06-19 11:34:01 INFO  WaitHelper:64 - element found...Generate Now
2018-06-19 11:34:01 INFO  WaitHelper:64 - element found...Generate Now
2018-06-19 11:34:02 INFO  WaitHelper:64 - element found...
2018-06-19 11:34:02 INFO  VerificationHelper:34 -  is dispalyed
2018-06-19 11:34:02 INFO  GenericHelper:57 - element is displayed..[[[[[[ChromeDriver: chrome on XP (f75888c7796e9493204e66512b065884)] -> xpath: //form[@panel-id='filterPanel']/form[@name='awPanelBody']/ul/li]] -> xpath: .//aw-widget[ not(contains(@class,'hidden')) and not(@prop='prop')]]] -> css selector: input[type='text']]
2018-06-19 11:34:02 INFO  WaitHelper:64 - element found...
2018-06-19 11:34:02 INFO  VerificationHelper:34 -  is dispalyed
2018-06-19 11:34:02 INFO  GenericHelper:57 - element is displayed..[[[[[[ChromeDriver: chrome on XP (f75888c7796e9493204e66512b065884)] -> xpath: //form[@panel-id='filterPanel']/form[@name='awPanelBody']/ul/li]] -> xpath: .//tcra-listbox[ not(contains(@class,'hidden')) and contains(@id,'val')]]] -> css selector: input[type='text']]
2018-06-19 11:34:02 INFO  WaitHelper:64 - element found...
2018-06-19 11:34:02 INFO  VerificationHelper:34 -  is dispalyed
2018-06-19 11:34:02 INFO  GenericHelper:57 - element is displayed..[[[[[[ChromeDriver: chrome on XP (f75888c7796e9493204e66512b065884)] -> xpath: //form[@panel-id='filterPanel']/form[@name='awPanelBody']/ul/li]] -> xpath: .//aw-widget[ not(contains(@class,'hidden')) and not(@prop='prop')]]] -> css selector: input[type='text']]
2018-06-19 11:34:02 INFO  WaitHelper:64 - element found...
2018-06-19 11:34:02 INFO  VerificationHelper:34 -  is dispalyed
2018-06-19 11:34:02 INFO  GenericHelper:57 - element is displayed..[[[[[[ChromeDriver: chrome on XP (f75888c7796e9493204e66512b065884)] -> xpath: //form[@panel-id='filterPanel']/form[@name='awPanelBody']/ul/li]] -> xpath: .//tcra-listbox[ not(contains(@class,'hidden')) and contains(@id,'val')]]] -> css selector: input[type='text']]
2018-06-19 11:34:02 INFO  WaitHelper:64 - element found...
2018-06-19 11:34:02 INFO  VerificationHelper:34 -  is dispalyed
2018-06-19 11:34:02 INFO  GenericHelper:57 - element is displayed..[[[[[[ChromeDriver: chrome on XP (f75888c7796e9493204e66512b065884)] -> xpath: //form[@panel-id='filterPanel']/form[@name='awPanelBody']/ul/li]] -> xpath: .//aw-widget[ not(contains(@class,'hidden')) and not(@prop='prop')]]] -> css selector: input[type='text']]
2018-06-19 11:34:02 INFO  WaitHelper:64 - element found...
2018-06-19 11:34:02 INFO  VerificationHelper:34 -  is dispalyed
2018-06-19 11:34:02 INFO  GenericHelper:57 - element is displayed..[[[[[[ChromeDriver: chrome on XP (f75888c7796e9493204e66512b065884)] -> xpath: //form[@panel-id='filterPanel']/form[@name='awPanelBody']/ul/li]] -> xpath: .//aw-widget[ not(contains(@class,'hidden')) and not(@prop='prop')]]] -> css selector: input[type='text']]
2018-06-19 11:34:03 INFO  ReportFilterPage:68 - clicking on geneate now button...
2018-06-19 11:34:04 INFO  WaitHelper:64 - element found...
2018-06-19 11:34:04 INFO  LoginPage:59 - rendering report....
2018-06-19 11:34:04 INFO  LoginPage:37 - rendering report ....
2018-06-19 11:34:12 INFO  WaitHelper:64 - element found...Row : 1 out of 1
2018-06-19 11:34:12 INFO  LoginPage:44 - checking row count ....
2018-06-19 11:34:12 INFO  LoginPage:48 - checking row counttotalRowCount .... 1
2018-06-19 11:34:12 INFO  LoginPage:70 - rendering report ....
2018-06-19 11:34:12 INFO  WaitHelper:64 - element found...
2018-06-19 11:34:12 INFO  GlobalHomeIcon:30 - clicking on globel Home button...
2018-06-19 11:34:13 INFO  WaitHelper:64 - element found...Dama, Srinivasulu (SRIDAM) (sridam)
2018-06-19 11:34:13 INFO  LogoutPage:30 - clicked on user name link...
2018-06-19 11:34:13 INFO  LogoutPage:35 - clicked on logout link...
